#! /opt/homebrew/Cellar/icarus-verilog/13.0/bin/vvp
:ivl_version "13.0 (stable)" "(v13_0)";
:ivl_delay_selection "TYPICAL";
:vpi_time_precision - 12;
:vpi_module "/opt/homebrew/Cellar/icarus-verilog/13.0/lib/ivl/system.vpi";
:vpi_module "/opt/homebrew/Cellar/icarus-verilog/13.0/lib/ivl/vhdl_sys.vpi";
:vpi_module "/opt/homebrew/Cellar/icarus-verilog/13.0/lib/ivl/vhdl_textio.vpi";
:vpi_module "/opt/homebrew/Cellar/icarus-verilog/13.0/lib/ivl/v2005_math.vpi";
:vpi_module "/opt/homebrew/Cellar/icarus-verilog/13.0/lib/ivl/va_math.vpi";
S_0x83cc78000 .scope module, "TOP_tb" "TOP_tb" 2 4;
 .timescale -9 -12;
P_0x83d41c300 .param/l "TEST_SIZE" 0 2 5, +C4<00000000000000000010011100010000>;
v0x83cc9ce60_0 .var/i "FAILED", 31 0;
v0x83cc9cf00_0 .var/i "PASSED", 31 0;
v0x83cc9cfa0_0 .var "RegWrite", 0 0;
v0x83cc9d040 .array "RegWrite_mem", 9999 0, 0 0;
v0x83cc9d0e0_0 .var "clk", 0 0;
v0x83cc9d180_0 .var "funct", 3 0;
v0x83cc9d220 .array "funct_mem", 9999 0, 3 0;
v0x83cc9d2c0_0 .var/i "i", 31 0;
v0x83cc9d360_0 .var "rd_addr1", 4 0;
v0x83cc9d400 .array "rd_addr1_mem", 9999 0, 4 0;
v0x83cc9d4a0_0 .var "rd_addr2", 4 0;
v0x83cc9d540 .array "rd_addr2_mem", 9999 0, 4 0;
v0x83cc9d5e0_0 .net "rd_data1", 31 0, v0x83cc9c3c0_0;  1 drivers
v0x83cc9d680 .array "rd_data1_mem", 9999 0, 31 0;
v0x83cc9d720_0 .net "rd_data2", 31 0, v0x83cc9c460_0;  1 drivers
v0x83cc9d7c0 .array "rd_data2_mem", 9999 0, 31 0;
v0x83cc9d860_0 .var "rst", 0 0;
v0x83cc9d900_0 .var "shamt", 4 0;
v0x83cc9d9a0 .array "shamt_mem", 9999 0, 4 0;
v0x83cc9da40_0 .var "wr_addr", 4 0;
v0x83cc9dae0 .array "wr_addr_mem", 9999 0, 4 0;
v0x83cc9db80_0 .net "wr_data", 31 0, v0x104e42ba0_0;  1 drivers
v0x83cc9dc20 .array "wr_data_mem", 9999 0, 31 0;
S_0x104e4b3e0 .scope task, "Test" "Test" 2 61, 2 61 0, S_0x83cc78000;
 .timescale -9 -12;
v0x104e52980_0 .var "RegWrite_in", 0 0;
v0x104e4b560_0 .var "funct_in", 5 0;
v0x104e4b600_0 .var "rd_addr1_in", 4 0;
v0x104e49f30_0 .var "rd_addr2_in", 4 0;
v0x104e49fd0_0 .var "rd_data1_in", 31 0;
v0x104e4a070_0 .var "rd_data2_in", 31 0;
v0x104e4a110_0 .var "shamt_in", 4 0;
v0x104e4a1b0_0 .var "wr_addr_in", 4 0;
v0x104e48030_0 .var "wr_data_in", 31 0;
TD_TOP_tb.Test ;
    %delay 1000, 0;
    %load/vec4 v0x104e4b600_0;
    %store/vec4 v0x83cc9d360_0, 0, 5;
    %load/vec4 v0x104e49f30_0;
    %store/vec4 v0x83cc9d4a0_0, 0, 5;
    %load/vec4 v0x104e4a1b0_0;
    %store/vec4 v0x83cc9da40_0, 0, 5;
    %load/vec4 v0x104e4a110_0;
    %store/vec4 v0x83cc9d900_0, 0, 5;
    %load/vec4 v0x104e4b560_0;
    %pad/u 4;
    %store/vec4 v0x83cc9d180_0, 0, 4;
    %load/vec4 v0x104e52980_0;
    %store/vec4 v0x83cc9cfa0_0, 0, 1;
    %delay 1000, 0;
    %load/vec4 v0x83cc9d5e0_0;
    %load/vec4 v0x104e49fd0_0;
    %cmp/e;
    %flag_get/vec4 4;
    %jmp/0 T_0.3, 4;
    %load/vec4 v0x83cc9d720_0;
    %load/vec4 v0x104e4a070_0;
    %cmp/e;
    %flag_get/vec4 4;
    %and;
T_0.3;
    %flag_set/vec4 9;
    %flag_get/vec4 9;
    %jmp/0 T_0.2, 9;
    %load/vec4 v0x83cc9db80_0;
    %load/vec4 v0x104e48030_0;
    %cmp/e;
    %flag_get/vec4 4;
    %and;
T_0.2;
    %flag_set/vec4 8;
    %jmp/0xz  T_0.0, 8;
    %vpi_call 2 84 "$display", "PASSED" {0 0 0};
    %load/vec4 v0x83cc9cf00_0;
    %addi 1, 0, 32;
    %store/vec4 v0x83cc9cf00_0, 0, 32;
    %jmp T_0.1;
T_0.0 ;
    %vpi_call 2 88 "$display", "FAILED" {0 0 0};
    %vpi_call 2 89 "$display", "rd_addr1 = %d ", v0x83cc9d360_0 {0 0 0};
    %vpi_call 2 90 "$display", "rd_data1 = %h (Ans : %h) ", v0x83cc9d5e0_0, v0x104e49fd0_0, "rd_data2 = %h (Ans : %h) ", v0x83cc9d720_0, v0x104e4a070_0, "wr_data = %h (Ans : %h)", v0x83cc9db80_0, v0x104e48030_0 {0 0 0};
    %load/vec4 v0x83cc9ce60_0;
    %addi 1, 0, 32;
    %store/vec4 v0x83cc9ce60_0, 0, 32;
T_0.1 ;
    %delay 8000, 0;
    %end;
S_0x104e480d0 .scope module, "top_u" "TOP" 2 46, 3 3 0, S_0x83cc78000;
 .timescale -9 -10;
    .port_info 0 /INPUT 1 "clk";
    .port_info 1 /INPUT 1 "rst";
    .port_info 2 /INPUT 5 "rd_addr1";
    .port_info 3 /INPUT 5 "rd_addr2";
    .port_info 4 /INPUT 1 "RegWrite";
    .port_info 5 /INPUT 5 "wr_addr";
    .port_info 6 /INPUT 5 "shamt";
    .port_info 7 /INPUT 4 "funct";
    .port_info 8 /OUTPUT 32 "rd_data1";
    .port_info 9 /OUTPUT 32 "rd_data2";
    .port_info 10 /OUTPUT 32 "wr_data";
v0x83cc9c780_0 .net "RegWrite", 0 0, v0x83cc9cfa0_0;  1 drivers
v0x83cc9c820_0 .net "clk", 0 0, v0x83cc9d0e0_0;  1 drivers
v0x83cc9c8c0_0 .net "funct", 3 0, v0x83cc9d180_0;  1 drivers
v0x83cc9c960_0 .net "rd_addr1", 4 0, v0x83cc9d360_0;  1 drivers
v0x83cc9ca00_0 .net "rd_addr2", 4 0, v0x83cc9d4a0_0;  1 drivers
v0x83cc9caa0_0 .net "rd_data1", 31 0, v0x83cc9c3c0_0;  alias, 1 drivers
v0x83cc9cb40_0 .net "rd_data2", 31 0, v0x83cc9c460_0;  alias, 1 drivers
v0x83cc9cbe0_0 .net "rst", 0 0, v0x83cc9d860_0;  1 drivers
v0x83cc9cc80_0 .net "shamt", 4 0, v0x83cc9d900_0;  1 drivers
v0x83cc9cd20_0 .net "wr_addr", 4 0, v0x83cc9da40_0;  1 drivers
v0x83cc9cdc0_0 .net "wr_data", 31 0, v0x104e42ba0_0;  alias, 1 drivers
S_0x104e42a20 .scope module, "alu" "ALU" 3 29, 4 5 0, S_0x104e480d0;
 .timescale -9 -12;
    .port_info 0 /INPUT 32 "operand1";
    .port_info 1 /INPUT 32 "operand2";
    .port_info 2 /INPUT 5 "shamt";
    .port_info 3 /INPUT 4 "funct";
    .port_info 4 /OUTPUT 32 "alu_result";
v0x104e42ba0_0 .var "alu_result", 31 0;
v0x104e42c40_0 .net "funct", 3 0, v0x83cc9d180_0;  alias, 1 drivers
v0x104e53690_0 .net "operand1", 31 0, v0x83cc9c3c0_0;  alias, 1 drivers
v0x83cc9c000_0 .net "operand2", 31 0, v0x83cc9c460_0;  alias, 1 drivers
v0x83cc9c0a0_0 .net "shamt", 4 0, v0x83cc9d900_0;  alias, 1 drivers
E_0x83cc046c0 .event anyedge, v0x104e42c40_0, v0x104e53690_0, v0x83cc9c000_0, v0x83cc9c0a0_0;
S_0x104e53730 .scope module, "rf" "RF" 3 25, 5 3 0, S_0x104e480d0;
 .timescale -9 -10;
    .port_info 0 /INPUT 1 "clk";
    .port_info 1 /INPUT 1 "rst";
    .port_info 2 /INPUT 5 "rd_addr1";
    .port_info 3 /INPUT 5 "rd_addr2";
    .port_info 4 /OUTPUT 32 "rd_data1";
    .port_info 5 /OUTPUT 32 "rd_data2";
    .port_info 6 /INPUT 1 "RegWrite";
    .port_info 7 /INPUT 5 "wr_addr";
    .port_info 8 /INPUT 32 "wr_data";
v0x83cc9c140_0 .net "RegWrite", 0 0, v0x83cc9cfa0_0;  alias, 1 drivers
v0x83cc9c1e0_0 .net "clk", 0 0, v0x83cc9d0e0_0;  alias, 1 drivers
v0x83cc9c280_0 .net "rd_addr1", 4 0, v0x83cc9d360_0;  alias, 1 drivers
v0x83cc9c320_0 .net "rd_addr2", 4 0, v0x83cc9d4a0_0;  alias, 1 drivers
v0x83cc9c3c0_0 .var "rd_data1", 31 0;
v0x83cc9c460_0 .var "rd_data2", 31 0;
v0x83cc9c500 .array "register_file", 31 0, 31 0;
v0x83cc9c5a0_0 .net "rst", 0 0, v0x83cc9d860_0;  alias, 1 drivers
v0x83cc9c640_0 .net "wr_addr", 4 0, v0x83cc9da40_0;  alias, 1 drivers
v0x83cc9c6e0_0 .net "wr_data", 31 0, v0x104e42ba0_0;  alias, 1 drivers
E_0x83cc04780 .event posedge, v0x83cc9c1e0_0;
v0x83cc9c500_0 .array/port v0x83cc9c500, 0;
v0x83cc9c500_1 .array/port v0x83cc9c500, 1;
v0x83cc9c500_2 .array/port v0x83cc9c500, 2;
E_0x83cc047c0/0 .event anyedge, v0x83cc9c280_0, v0x83cc9c500_0, v0x83cc9c500_1, v0x83cc9c500_2;
v0x83cc9c500_3 .array/port v0x83cc9c500, 3;
v0x83cc9c500_4 .array/port v0x83cc9c500, 4;
v0x83cc9c500_5 .array/port v0x83cc9c500, 5;
v0x83cc9c500_6 .array/port v0x83cc9c500, 6;
E_0x83cc047c0/1 .event anyedge, v0x83cc9c500_3, v0x83cc9c500_4, v0x83cc9c500_5, v0x83cc9c500_6;
v0x83cc9c500_7 .array/port v0x83cc9c500, 7;
v0x83cc9c500_8 .array/port v0x83cc9c500, 8;
v0x83cc9c500_9 .array/port v0x83cc9c500, 9;
v0x83cc9c500_10 .array/port v0x83cc9c500, 10;
E_0x83cc047c0/2 .event anyedge, v0x83cc9c500_7, v0x83cc9c500_8, v0x83cc9c500_9, v0x83cc9c500_10;
v0x83cc9c500_11 .array/port v0x83cc9c500, 11;
v0x83cc9c500_12 .array/port v0x83cc9c500, 12;
v0x83cc9c500_13 .array/port v0x83cc9c500, 13;
v0x83cc9c500_14 .array/port v0x83cc9c500, 14;
E_0x83cc047c0/3 .event anyedge, v0x83cc9c500_11, v0x83cc9c500_12, v0x83cc9c500_13, v0x83cc9c500_14;
v0x83cc9c500_15 .array/port v0x83cc9c500, 15;
v0x83cc9c500_16 .array/port v0x83cc9c500, 16;
v0x83cc9c500_17 .array/port v0x83cc9c500, 17;
v0x83cc9c500_18 .array/port v0x83cc9c500, 18;
E_0x83cc047c0/4 .event anyedge, v0x83cc9c500_15, v0x83cc9c500_16, v0x83cc9c500_17, v0x83cc9c500_18;
v0x83cc9c500_19 .array/port v0x83cc9c500, 19;
v0x83cc9c500_20 .array/port v0x83cc9c500, 20;
v0x83cc9c500_21 .array/port v0x83cc9c500, 21;
v0x83cc9c500_22 .array/port v0x83cc9c500, 22;
E_0x83cc047c0/5 .event anyedge, v0x83cc9c500_19, v0x83cc9c500_20, v0x83cc9c500_21, v0x83cc9c500_22;
v0x83cc9c500_23 .array/port v0x83cc9c500, 23;
v0x83cc9c500_24 .array/port v0x83cc9c500, 24;
v0x83cc9c500_25 .array/port v0x83cc9c500, 25;
v0x83cc9c500_26 .array/port v0x83cc9c500, 26;
E_0x83cc047c0/6 .event anyedge, v0x83cc9c500_23, v0x83cc9c500_24, v0x83cc9c500_25, v0x83cc9c500_26;
v0x83cc9c500_27 .array/port v0x83cc9c500, 27;
v0x83cc9c500_28 .array/port v0x83cc9c500, 28;
v0x83cc9c500_29 .array/port v0x83cc9c500, 29;
v0x83cc9c500_30 .array/port v0x83cc9c500, 30;
E_0x83cc047c0/7 .event anyedge, v0x83cc9c500_27, v0x83cc9c500_28, v0x83cc9c500_29, v0x83cc9c500_30;
v0x83cc9c500_31 .array/port v0x83cc9c500, 31;
E_0x83cc047c0/8 .event anyedge, v0x83cc9c500_31, v0x83cc9c320_0;
E_0x83cc047c0 .event/or E_0x83cc047c0/0, E_0x83cc047c0/1, E_0x83cc047c0/2, E_0x83cc047c0/3, E_0x83cc047c0/4, E_0x83cc047c0/5, E_0x83cc047c0/6, E_0x83cc047c0/7, E_0x83cc047c0/8;
    .scope S_0x104e53730;
T_1 ;
    %wait E_0x83cc047c0;
    %load/vec4 v0x83cc9c280_0;
    %pad/u 7;
    %ix/vec4 4;
    %load/vec4a v0x83cc9c500, 4;
    %store/vec4 v0x83cc9c3c0_0, 0, 32;
    %load/vec4 v0x83cc9c320_0;
    %pad/u 7;
    %ix/vec4 4;
    %load/vec4a v0x83cc9c500, 4;
    %store/vec4 v0x83cc9c460_0, 0, 32;
    %jmp T_1;
    .thread T_1, $push;
    .scope S_0x104e53730;
T_2 ;
    %wait E_0x83cc04780;
    %load/vec4 v0x83cc9c5a0_0;
    %flag_set/vec4 8;
    %jmp/0xz  T_2.0, 8;
    %vpi_call 5 30 "$readmemh", "initial_reg.mem", v0x83cc9c500 {0 0 0};
    %jmp T_2.1;
T_2.0 ;
    %load/vec4 v0x83cc9c140_0;
    %flag_set/vec4 8;
    %jmp/0xz  T_2.2, 8;
    %load/vec4 v0x83cc9c6e0_0;
    %load/vec4 v0x83cc9c640_0;
    %pad/u 7;
    %ix/vec4 3;
    %ix/load 4, 0, 0; Constant delay
    %assign/vec4/a/d v0x83cc9c500, 0, 4;
T_2.2 ;
T_2.1 ;
    %jmp T_2;
    .thread T_2;
    .scope S_0x104e42a20;
T_3 ;
    %wait E_0x83cc046c0;
    %pushi/vec4 0, 0, 32;
    %store/vec4 v0x104e42ba0_0, 0, 32;
    %load/vec4 v0x104e42c40_0;
    %dup/vec4;
    %pushi/vec4 0, 0, 4;
    %cmp/u;
    %jmp/1 T_3.0, 6;
    %dup/vec4;
    %pushi/vec4 1, 0, 4;
    %cmp/u;
    %jmp/1 T_3.1, 6;
    %dup/vec4;
    %pushi/vec4 2, 0, 4;
    %cmp/u;
    %jmp/1 T_3.2, 6;
    %dup/vec4;
    %pushi/vec4 3, 0, 4;
    %cmp/u;
    %jmp/1 T_3.3, 6;
    %dup/vec4;
    %pushi/vec4 4, 0, 4;
    %cmp/u;
    %jmp/1 T_3.4, 6;
    %dup/vec4;
    %pushi/vec4 5, 0, 4;
    %cmp/u;
    %jmp/1 T_3.5, 6;
    %dup/vec4;
    %pushi/vec4 6, 0, 4;
    %cmp/u;
    %jmp/1 T_3.6, 6;
    %dup/vec4;
    %pushi/vec4 7, 0, 4;
    %cmp/u;
    %jmp/1 T_3.7, 6;
    %dup/vec4;
    %pushi/vec4 8, 0, 4;
    %cmp/u;
    %jmp/1 T_3.8, 6;
    %dup/vec4;
    %pushi/vec4 9, 0, 4;
    %cmp/u;
    %jmp/1 T_3.9, 6;
    %dup/vec4;
    %pushi/vec4 10, 0, 4;
    %cmp/u;
    %jmp/1 T_3.10, 6;
    %dup/vec4;
    %pushi/vec4 11, 0, 4;
    %cmp/u;
    %jmp/1 T_3.11, 6;
    %dup/vec4;
    %pushi/vec4 12, 0, 4;
    %cmp/u;
    %jmp/1 T_3.12, 6;
    %dup/vec4;
    %pushi/vec4 13, 0, 4;
    %cmp/u;
    %jmp/1 T_3.13, 6;
    %jmp T_3.14;
T_3.0 ;
    %load/vec4 v0x104e53690_0;
    %load/vec4 v0x83cc9c000_0;
    %add;
    %store/vec4 v0x104e42ba0_0, 0, 32;
    %jmp T_3.14;
T_3.1 ;
    %load/vec4 v0x104e53690_0;
    %load/vec4 v0x83cc9c000_0;
    %and;
    %store/vec4 v0x104e42ba0_0, 0, 32;
    %jmp T_3.14;
T_3.2 ;
    %load/vec4 v0x104e53690_0;
    %load/vec4 v0x83cc9c000_0;
    %or;
    %inv;
    %store/vec4 v0x104e42ba0_0, 0, 32;
    %jmp T_3.14;
T_3.3 ;
    %load/vec4 v0x104e53690_0;
    %load/vec4 v0x83cc9c000_0;
    %or;
    %store/vec4 v0x104e42ba0_0, 0, 32;
    %jmp T_3.14;
T_3.4 ;
    %load/vec4 v0x83cc9c000_0;
    %ix/getv 4, v0x83cc9c0a0_0;
    %shiftl 4;
    %store/vec4 v0x104e42ba0_0, 0, 32;
    %jmp T_3.14;
T_3.5 ;
    %load/vec4 v0x83cc9c000_0;
    %ix/getv 4, v0x83cc9c0a0_0;
    %shiftr/s 4;
    %store/vec4 v0x104e42ba0_0, 0, 32;
    %jmp T_3.14;
T_3.6 ;
    %load/vec4 v0x83cc9c000_0;
    %ix/getv 4, v0x83cc9c0a0_0;
    %shiftr 4;
    %store/vec4 v0x104e42ba0_0, 0, 32;
    %jmp T_3.14;
T_3.7 ;
    %load/vec4 v0x104e53690_0;
    %load/vec4 v0x83cc9c000_0;
    %sub;
    %store/vec4 v0x104e42ba0_0, 0, 32;
    %jmp T_3.14;
T_3.8 ;
    %load/vec4 v0x104e53690_0;
    %load/vec4 v0x83cc9c000_0;
    %xor;
    %store/vec4 v0x104e42ba0_0, 0, 32;
    %jmp T_3.14;
T_3.9 ;
    %load/vec4 v0x104e53690_0;
    %load/vec4 v0x83cc9c000_0;
    %cmp/s;
    %flag_mov 8, 5;
    %jmp/0 T_3.15, 8;
    %pushi/vec4 1, 0, 32;
    %jmp/1 T_3.16, 8;
T_3.15 ; End of true expr.
    %pushi/vec4 0, 0, 32;
    %jmp/0 T_3.16, 8;
 ; End of false expr.
    %blend;
T_3.16;
    %store/vec4 v0x104e42ba0_0, 0, 32;
    %jmp T_3.14;
T_3.10 ;
    %load/vec4 v0x104e53690_0;
    %load/vec4 v0x83cc9c000_0;
    %cmp/u;
    %flag_mov 8, 5;
    %jmp/0 T_3.17, 8;
    %pushi/vec4 1, 0, 32;
    %jmp/1 T_3.18, 8;
T_3.17 ; End of true expr.
    %pushi/vec4 0, 0, 32;
    %jmp/0 T_3.18, 8;
 ; End of false expr.
    %blend;
T_3.18;
    %store/vec4 v0x104e42ba0_0, 0, 32;
    %jmp T_3.14;
T_3.11 ;
    %load/vec4 v0x104e53690_0;
    %load/vec4 v0x83cc9c000_0;
    %cmp/e;
    %flag_mov 8, 4;
    %jmp/0 T_3.19, 8;
    %pushi/vec4 1, 0, 32;
    %jmp/1 T_3.20, 8;
T_3.19 ; End of true expr.
    %pushi/vec4 0, 0, 32;
    %jmp/0 T_3.20, 8;
 ; End of false expr.
    %blend;
T_3.20;
    %store/vec4 v0x104e42ba0_0, 0, 32;
    %jmp T_3.14;
T_3.12 ;
    %load/vec4 v0x104e53690_0;
    %load/vec4 v0x83cc9c000_0;
    %cmp/ne;
    %flag_mov 8, 4;
    %jmp/0 T_3.21, 8;
    %pushi/vec4 1, 0, 32;
    %jmp/1 T_3.22, 8;
T_3.21 ; End of true expr.
    %pushi/vec4 0, 0, 32;
    %jmp/0 T_3.22, 8;
 ; End of false expr.
    %blend;
T_3.22;
    %store/vec4 v0x104e42ba0_0, 0, 32;
    %jmp T_3.14;
T_3.13 ;
    %load/vec4 v0x83cc9c000_0;
    %ix/load 4, 16, 0;
    %flag_set/imm 4, 0;
    %shiftl 4;
    %store/vec4 v0x104e42ba0_0, 0, 32;
    %jmp T_3.14;
T_3.14 ;
    %pop/vec4 1;
    %jmp T_3;
    .thread T_3, $push;
    .scope S_0x83cc78000;
T_4 ;
    %vpi_call 2 35 "$readmemb", "rd_addr1.mem", v0x83cc9d400 {0 0 0};
    %vpi_call 2 36 "$readmemb", "rd_addr2.mem", v0x83cc9d540 {0 0 0};
    %vpi_call 2 37 "$readmemb", "wr_addr.mem", v0x83cc9dae0 {0 0 0};
    %vpi_call 2 38 "$readmemb", "shamt.mem", v0x83cc9d9a0 {0 0 0};
    %vpi_call 2 39 "$readmemb", "funct.mem", v0x83cc9d220 {0 0 0};
    %vpi_call 2 40 "$readmemb", "regwr.mem", v0x83cc9d040 {0 0 0};
    %vpi_call 2 41 "$readmemh", "rd_data1.mem", v0x83cc9d680 {0 0 0};
    %vpi_call 2 42 "$readmemh", "rd_data2.mem", v0x83cc9d7c0 {0 0 0};
    %vpi_call 2 43 "$readmemh", "wr_data.mem", v0x83cc9dc20 {0 0 0};
    %end;
    .thread T_4;
    .scope S_0x83cc78000;
T_5 ;
    %pushi/vec4 0, 0, 1;
    %store/vec4 v0x83cc9d0e0_0, 0, 1;
T_5.0 ;
    %delay 5000, 0;
    %load/vec4 v0x83cc9d0e0_0;
    %inv;
    %store/vec4 v0x83cc9d0e0_0, 0, 1;
    %jmp T_5.0;
T_5.1 ;
    %end;
    .thread T_5;
    .scope S_0x83cc78000;
T_6 ;
    %pushi/vec4 0, 0, 32;
    %store/vec4 v0x83cc9d2c0_0, 0, 32;
    %pushi/vec4 0, 0, 32;
    %store/vec4 v0x83cc9cf00_0, 0, 32;
    %pushi/vec4 0, 0, 32;
    %store/vec4 v0x83cc9ce60_0, 0, 32;
    %pushi/vec4 1, 0, 1;
    %store/vec4 v0x83cc9d860_0, 0, 1;
    %pushi/vec4 0, 0, 1;
    %store/vec4 v0x83cc9cfa0_0, 0, 1;
    %delay 15000, 0;
    %pushi/vec4 0, 0, 1;
    %store/vec4 v0x83cc9d860_0, 0, 1;
    %delay 10000, 0;
    %pushi/vec4 0, 0, 32;
    %store/vec4 v0x83cc9d2c0_0, 0, 32;
T_6.0 ; Top of for-loop
    %load/vec4 v0x83cc9d2c0_0;
    %cmpi/s 10000, 0, 32;
	  %jmp/0xz T_6.1, 5;
    %ix/getv/s 4, v0x83cc9d2c0_0;
    %load/vec4a v0x83cc9d400, 4;
    %store/vec4 v0x104e4b600_0, 0, 5;
    %ix/getv/s 4, v0x83cc9d2c0_0;
    %load/vec4a v0x83cc9d540, 4;
    %store/vec4 v0x104e49f30_0, 0, 5;
    %ix/getv/s 4, v0x83cc9d2c0_0;
    %load/vec4a v0x83cc9dae0, 4;
    %store/vec4 v0x104e4a1b0_0, 0, 5;
    %ix/getv/s 4, v0x83cc9d2c0_0;
    %load/vec4a v0x83cc9d9a0, 4;
    %store/vec4 v0x104e4a110_0, 0, 5;
    %ix/getv/s 4, v0x83cc9d2c0_0;
    %load/vec4a v0x83cc9d220, 4;
    %pad/u 6;
    %store/vec4 v0x104e4b560_0, 0, 6;
    %ix/getv/s 4, v0x83cc9d2c0_0;
    %load/vec4a v0x83cc9d040, 4;
    %store/vec4 v0x104e52980_0, 0, 1;
    %ix/getv/s 4, v0x83cc9d2c0_0;
    %load/vec4a v0x83cc9d680, 4;
    %store/vec4 v0x104e49fd0_0, 0, 32;
    %ix/getv/s 4, v0x83cc9d2c0_0;
    %load/vec4a v0x83cc9d7c0, 4;
    %store/vec4 v0x104e4a070_0, 0, 32;
    %ix/getv/s 4, v0x83cc9d2c0_0;
    %load/vec4a v0x83cc9dc20, 4;
    %store/vec4 v0x104e48030_0, 0, 32;
    %fork TD_TOP_tb.Test, S_0x104e4b3e0;
    %join;
T_6.2 ; for-loop step statement
    %load/vec4 v0x83cc9d2c0_0;
    %addi 1, 0, 32;
    %store/vec4 v0x83cc9d2c0_0, 0, 32;
    %jmp T_6.0;
T_6.1 ; for-loop exit label
    %delay 10000, 0;
    %vpi_call 2 123 "$display", "PASSED = %0d, FAILED = %0d", v0x83cc9cf00_0, v0x83cc9ce60_0 {0 0 0};
    %vpi_call 2 124 "$finish" {0 0 0};
    %end;
    .thread T_6;
# The file index is used to find the file name in the following table.
:file_names 6;
    "N/A";
    "<interactive>";
    "TOP_tb.v";
    "TOP.v";
    "ALU.v";
    "RF.v";
